<?xml version="1.0" encoding="UTF-8"?>
<testng-results ignored="0" total="1" passed="1" failed="0" skipped="0">
  <reporter-output>
  </reporter-output>
  <suite started-at="2019-09-09T08:25:36 CEST" name="Default suite" finished-at="2019-09-09T08:26:32 CEST" duration-ms="56256">
    <groups>
    </groups>
    <test started-at="2019-09-09T08:25:36 CEST" name="Default test" finished-at="2019-09-09T08:26:32 CEST" duration-ms="56256">
      <class name="tests.Tests">
        <test-method is-config="true" signature="setup()[pri:0, instance:tests.Tests@56de5251]" started-at="2019-09-09T08:25:36 CEST" name="setup" finished-at="2019-09-09T08:25:50 CEST" duration-ms="14344" status="PASS">
          <reporter-output>
          </reporter-output>
        </test-method> <!-- setup -->
        <test-method signature="calctest(java.lang.String, java.lang.String, java.lang.String, java.lang.String)[pri:0, instance:tests.Tests@56de5251]" started-at="2019-09-09T08:25:52 CEST" name="calctest" data-provider="Authentication" finished-at="2019-09-09T08:26:26 CEST" duration-ms="33485" status="PASS">
          <params>
            <param index="0">
              <value>
                <![CDATA[3]]>
              </value>
            </param>
            <param index="1">
              <value>
                <![CDATA[6]]>
              </value>
            </param>
            <param index="2">
              <value>
                <![CDATA[9]]>
              </value>
            </param>
            <param index="3">
              <value>
                <![CDATA[6.0]]>
              </value>
            </param>
          </params>
          <reporter-output>
          </reporter-output>
        </test-method> <!-- calctest -->
        <test-method is-config="true" signature="teardown()[pri:0, instance:tests.Tests@56de5251]" started-at="2019-09-09T08:26:26 CEST" name="teardown" finished-at="2019-09-09T08:26:31 CEST" duration-ms="5326" status="PASS">
          <reporter-output>
          </reporter-output>
        </test-method> <!-- teardown -->
      </class> <!-- tests.Tests -->
    </test> <!-- Default test -->
  </suite> <!-- Default suite -->
</testng-results>
