<?xml version="1.0" encoding="UTF-8"?>
<!-- Generated by org.testng.reporters.JUnitXMLReporter -->
<testsuite ignored="0" hostname="DESKTOP-2FQH628" failures="0" tests="3" name="Command line test" time="40.09" errors="0" timestamp="2019-09-03T01:54:24 CEST">
  <testcase classname="com.caspar.landingpageTest" name="adminloginTTest" time="7.886"/>
  <testcase classname="com.caspar.landingpageTest" name="adminloginTTest" time="7.634"/>
  <testcase classname="com.caspar.landingpageTest" name="adminloginTTest" time="9.076"/>
</testsuite> <!-- Command line test -->
