<?xml version="1.0" encoding="UTF-8"?>
<testng-results ignored="0" total="3" passed="3" failed="0" skipped="0">
  <reporter-output>
  </reporter-output>
  <suite started-at="2019-09-03T01:53:44 CEST" name="Command line suite" finished-at="2019-09-03T01:54:24 CEST" duration-ms="40090">
    <groups>
    </groups>
    <test started-at="2019-09-03T01:53:44 CEST" name="Command line test" finished-at="2019-09-03T01:54:24 CEST" duration-ms="40090">
      <class name="com.caspar.landingpageTest">
        <test-method is-config="true" signature="setup()[pri:0, instance:com.caspar.landingpageTest@5ec0a365]" started-at="2019-09-03T01:53:45 CEST" name="setup" finished-at="2019-09-03T01:53:50 CEST" duration-ms="5485" status="PASS">
          <reporter-output>
          </reporter-output>
        </test-method> <!-- setup -->
        <test-method signature="adminloginTTest(java.lang.String, java.lang.String, java.lang.String, java.lang.String, java.lang.String)[pri:0, instance:com.caspar.landingpageTest@5ec0a365]" started-at="2019-09-03T01:53:50 CEST" name="adminloginTTest" data-provider="Authentication" finished-at="2019-09-03T01:53:58 CEST" duration-ms="7886" status="PASS">
          <params>
            <param index="0">
              <value>
                <![CDATA[Cathy]]>
              </value>
            </param>
            <param index="1">
              <value>
                <![CDATA[Paul]]>
              </value>
            </param>
            <param index="2">
              <value>
                <![CDATA[20]]>
              </value>
            </param>
            <param index="3">
              <value>
                <![CDATA[February]]>
              </value>
            </param>
            <param index="4">
              <value>
                <![CDATA[1985]]>
              </value>
            </param>
          </params>
          <reporter-output>
          </reporter-output>
        </test-method> <!-- adminloginTTest -->
        <test-method is-config="true" signature="teardown()[pri:0, instance:com.caspar.landingpageTest@5ec0a365]" started-at="2019-09-03T01:53:58 CEST" name="teardown" finished-at="2019-09-03T01:53:58 CEST" duration-ms="78" status="PASS">
          <reporter-output>
          </reporter-output>
        </test-method> <!-- teardown -->
        <test-method is-config="true" signature="setup()[pri:0, instance:com.caspar.landingpageTest@5ec0a365]" started-at="2019-09-03T01:53:58 CEST" name="setup" finished-at="2019-09-03T01:54:03 CEST" duration-ms="4707" status="PASS">
          <reporter-output>
          </reporter-output>
        </test-method> <!-- setup -->
        <test-method signature="adminloginTTest(java.lang.String, java.lang.String, java.lang.String, java.lang.String, java.lang.String)[pri:0, instance:com.caspar.landingpageTest@5ec0a365]" started-at="2019-09-03T01:54:03 CEST" name="adminloginTTest" data-provider="Authentication" finished-at="2019-09-03T01:54:11 CEST" duration-ms="7634" status="PASS">
          <params>
            <param index="0">
              <value>
                <![CDATA[Elza]]>
              </value>
            </param>
            <param index="1">
              <value>
                <![CDATA[Jacob]]>
              </value>
            </param>
            <param index="2">
              <value>
                <![CDATA[9]]>
              </value>
            </param>
            <param index="3">
              <value>
                <![CDATA[December]]>
              </value>
            </param>
            <param index="4">
              <value>
                <![CDATA[1986]]>
              </value>
            </param>
          </params>
          <reporter-output>
          </reporter-output>
        </test-method> <!-- adminloginTTest -->
        <test-method is-config="true" signature="teardown()[pri:0, instance:com.caspar.landingpageTest@5ec0a365]" started-at="2019-09-03T01:54:11 CEST" name="teardown" finished-at="2019-09-03T01:54:11 CEST" duration-ms="67" status="PASS">
          <reporter-output>
          </reporter-output>
        </test-method> <!-- teardown -->
        <test-method is-config="true" signature="setup()[pri:0, instance:com.caspar.landingpageTest@5ec0a365]" started-at="2019-09-03T01:54:11 CEST" name="setup" finished-at="2019-09-03T01:54:15 CEST" duration-ms="4467" status="PASS">
          <reporter-output>
          </reporter-output>
        </test-method> <!-- setup -->
        <test-method signature="adminloginTTest(java.lang.String, java.lang.String, java.lang.String, java.lang.String, java.lang.String)[pri:0, instance:com.caspar.landingpageTest@5ec0a365]" started-at="2019-09-03T01:54:15 CEST" name="adminloginTTest" data-provider="Authentication" finished-at="2019-09-03T01:54:24 CEST" duration-ms="9076" status="PASS">
          <params>
            <param index="0">
              <value>
                <![CDATA[Steve]]>
              </value>
            </param>
            <param index="1">
              <value>
                <![CDATA[Jobs]]>
              </value>
            </param>
            <param index="2">
              <value>
                <![CDATA[28]]>
              </value>
            </param>
            <param index="3">
              <value>
                <![CDATA[March]]>
              </value>
            </param>
            <param index="4">
              <value>
                <![CDATA[2011]]>
              </value>
            </param>
          </params>
          <reporter-output>
          </reporter-output>
        </test-method> <!-- adminloginTTest -->
        <test-method is-config="true" signature="teardown()[pri:0, instance:com.caspar.landingpageTest@5ec0a365]" started-at="2019-09-03T01:54:24 CEST" name="teardown" finished-at="2019-09-03T01:54:24 CEST" duration-ms="129" status="PASS">
          <reporter-output>
          </reporter-output>
        </test-method> <!-- teardown -->
      </class> <!-- com.caspar.landingpageTest -->
    </test> <!-- Command line test -->
  </suite> <!-- Command line suite -->
</testng-results>
